# JRE version: OpenJDK Runtime Environment (11.0.7+10) (build 11.0.7+10)
# Java VM: OpenJDK 64-Bit Server VM (11.0.7+10, mixed mode, tiered, compressed oops, g1 gc, windows-amd64)
Heap:
 garbage-first heap   total 189440K, used 131488K [0x0000000081e00000, 0x0000000100000000)
  region size 1024K, 96 young (98304K), 6 survivors (6144K)
 Metaspace       used 63857K, capacity 65724K, committed 65964K, reserved 1105920K
  class space    used 8236K, capacity 8958K, committed 8960K, reserved 1048576K
GC Heap History (20 events):
Event: 1942.841 GC heap before
{Heap before GC invocations=17 (full 0):
 garbage-first heap   total 189440K, used 138741K [0x0000000081e00000, 0x0000000100000000)
  region size 1024K, 110 young (112640K), 5 survivors (5120K)
 Metaspace       used 63671K, capacity 65450K, committed 65708K, reserved 1105920K
  class space    used 8206K, capacity 8908K, committed 8960K, reserved 1048576K
}
Event: 1942.853 GC heap after
{Heap after GC invocations=18 (full 0):
 garbage-first heap   total 189440K, used 35215K [0x0000000081e00000, 0x0000000100000000)
  region size 1024K, 8 young (8192K), 8 survivors (8192K)
 Metaspace       used 63671K, capacity 65450K, committed 65708K, reserved 1105920K
  class space    used 8206K, capacity 8908K, committed 8960K, reserved 1048576K
}
Event: 25886.257 GC heap before
{Heap before GC invocations=18 (full 0):
 garbage-first heap   total 189440K, used 139663K [0x0000000081e00000, 0x0000000100000000)
  region size 1024K, 111 young (113664K), 8 survivors (8192K)
 Metaspace       used 63736K, capacity 65514K, committed 65708K, reserved 1105920K
  class space    used 8215K, capacity 8908K, committed 8960K, reserved 1048576K
}
Event: 25886.291 GC heap after
{Heap after GC invocations=19 (full 0):
 garbage-first heap   total 189440K, used 39823K [0x0000000081e00000, 0x0000000100000000)
  region size 1024K, 12 young (12288K), 12 survivors (12288K)
 Metaspace       used 63736K, capacity 65514K, committed 65708K, reserved 1105920K
  class space    used 8215K, capacity 8908K, committed 8960K, reserved 1048576K
}
Event: 26789.068 GC heap before
{Heap before GC invocations=19 (full 0):
 garbage-first heap   total 189440K, used 141199K [0x0000000081e00000, 0x0000000100000000)
  region size 1024K, 111 young (113664K), 12 survivors (12288K)
 Metaspace       used 63737K, capacity 65514K, committed 65708K, reserved 1105920K
  class space    used 8215K, capacity 8908K, committed 8960K, reserved 1048576K
}
Event: 26789.203 GC heap after
{Heap after GC invocations=20 (full 0):
 garbage-first heap   total 189440K, used 39489K [0x0000000081e00000, 0x0000000100000000)
  region size 1024K, 6 young (6144K), 6 survivors (6144K)
 Metaspace       used 63737K, capacity 65514K, committed 65708K, reserved 1105920K
  class space    used 8215K, capacity 8908K, committed 8960K, reserved 1048576K
}
Event: 27619.143 GC heap before
{Heap before GC invocations=20 (full 0):
 garbage-first heap   total 189440K, used 147009K [0x0000000081e00000, 0x0000000100000000)
  region size 1024K, 111 young (113664K), 6 survivors (6144K)
 Metaspace       used 63737K, capacity 65514K, committed 65708K, reserved 1105920K
  class space    used 8215K, capacity 8908K, committed 8960K, reserved 1048576K
}
Event: 27619.201 GC heap after
{Heap after GC invocations=21 (full 0):
 garbage-first heap   total 189440K, used 39617K [0x0000000081e00000, 0x0000000100000000)
  region size 1024K, 6 young (6144K), 6 survivors (6144K)
 Metaspace       used 63737K, capacity 65514K, committed 65708K, reserved 1105920K
  class space    used 8215K, capacity 8908K, committed 8960K, reserved 1048576K
}
Event: 28476.845 GC heap before
{Heap before GC invocations=21 (full 0):
 garbage-first heap   total 189440K, used 147137K [0x0000000081e00000, 0x0000000100000000)
  region size 1024K, 111 young (113664K), 6 survivors (6144K)
 Metaspace       used 63741K, capacity 65514K, committed 65708K, reserved 1105920K
  class space    used 8215K, capacity 8908K, committed 8960K, reserved 1048576K
}
Event: 28476.931 GC heap after
{Heap after GC invocations=22 (full 0):
 garbage-first heap   total 189440K, used 40350K [0x0000000081e00000, 0x0000000100000000)
  region size 1024K, 6 young (6144K), 6 survivors (6144K)
 Metaspace       used 63741K, capacity 65514K, committed 65708K, reserved 1105920K
  class space    used 8215K, capacity 8908K, committed 8960K, reserved 1048576K
}
Event: 29381.125 GC heap before
{Heap before GC invocations=22 (full 0):
 garbage-first heap   total 189440K, used 146846K [0x0000000081e00000, 0x0000000100000000)
  region size 1024K, 111 young (113664K), 6 survivors (6144K)
 Metaspace       used 63741K, capacity 65514K, committed 65708K, reserved 1105920K
  class space    used 8215K, capacity 8908K, committed 8960K, reserved 1048576K
}
Event: 29381.183 GC heap after
{Heap after GC invocations=23 (full 0):
 garbage-first heap   total 189440K, used 39341K [0x0000000081e00000, 0x0000000100000000)
  region size 1024K, 5 young (5120K), 5 survivors (5120K)
 Metaspace       used 63741K, capacity 65514K, committed 65708K, reserved 1105920K
  class space    used 8215K, capacity 8908K, committed 8960K, reserved 1048576K
}
Event: 30179.170 GC heap before
{Heap before GC invocations=23 (full 0):
 garbage-first heap   total 189440K, used 146861K [0x0000000081e00000, 0x0000000100000000)
  region size 1024K, 111 young (113664K), 5 survivors (5120K)
 Metaspace       used 63741K, capacity 65514K, committed 65708K, reserved 1105920K
  class space    used 8215K, capacity 8908K, committed 8960K, reserved 1048576K
}
Event: 30179.214 GC heap after
{Heap after GC invocations=24 (full 0):
 garbage-first heap   total 189440K, used 40513K [0x0000000081e00000, 0x0000000100000000)
  region size 1024K, 7 young (7168K), 7 survivors (7168K)
 Metaspace       used 63741K, capacity 65514K, committed 65708K, reserved 1105920K
  class space    used 8215K, capacity 8908K, committed 8960K, reserved 1048576K
}
Event: 31096.631 GC heap before
{Heap before GC invocations=24 (full 0):
 garbage-first heap   total 189440K, used 147009K [0x0000000081e00000, 0x0000000100000000)
  region size 1024K, 111 young (113664K), 7 survivors (7168K)
 Metaspace       used 63741K, capacity 65514K, committed 65708K, reserved 1105920K
  class space    used 8215K, capacity 8908K, committed 8960K, reserved 1048576K
}
Event: 31096.678 GC heap after
{Heap after GC invocations=25 (full 0):
 garbage-first heap   total 189440K, used 39956K [0x0000000081e00000, 0x0000000100000000)
  region size 1024K, 6 young (6144K), 6 survivors (6144K)
 Metaspace       used 63741K, capacity 65514K, committed 65708K, reserved 1105920K
  class space    used 8215K, capacity 8908K, committed 8960K, reserved 1048576K
}
Event: 31870.243 GC heap before
{Heap before GC invocations=25 (full 0):
 garbage-first heap   total 189440K, used 146452K [0x0000000081e00000, 0x0000000100000000)
  region size 1024K, 111 young (113664K), 6 survivors (6144K)
 Metaspace       used 63749K, capacity 65514K, committed 65708K, reserved 1105920K
  class space    used 8215K, capacity 8908K, committed 8960K, reserved 1048576K
}
Event: 31870.297 GC heap after
{Heap after GC invocations=26 (full 0):
 garbage-first heap   total 189440K, used 40717K [0x0000000081e00000, 0x0000000100000000)
  region size 1024K, 7 young (7168K), 7 survivors (7168K)
 Metaspace       used 63749K, capacity 65514K, committed 65708K, reserved 1105920K
  class space    used 8215K, capacity 8908K, committed 8960K, reserved 1048576K
}
Event: 32787.948 GC heap before
{Heap before GC invocations=26 (full 0):
 garbage-first heap   total 189440K, used 147213K [0x0000000081e00000, 0x0000000100000000)
  region size 1024K, 111 young (113664K), 7 survivors (7168K)
 Metaspace       used 63749K, capacity 65514K, committed 65708K, reserved 1105920K
  class space    used 8215K, capacity 8908K, committed 8960K, reserved 1048576K
}
Event: 32787.991 GC heap after
{Heap after GC invocations=27 (full 0):
 garbage-first heap   total 189440K, used 40352K [0x0000000081e00000, 0x0000000100000000)
  region size 1024K, 6 young (6144K), 6 survivors (6144K)
 Metaspace       used 63749K, capacity 65514K, committed 65708K, reserved 1105920K
  class space    used 8215K, capacity 8908K, committed 8960K, reserved 1048576K
}

